<?xml version="1.0" encoding="UTF-8"?>
<testsuite name="test.orm.ORMTests" tests="1" skipped="0" failures="0" errors="0" timestamp="2021-03-21T13:06:19" hostname="maczziriui-MacBookAir.local" time="0.761">
  <properties/>
  <testcase name="createUser()" classname="test.orm.ORMTests" time="0.761"/>
  <system-out><![CDATA[]]></system-out>
  <system-err><![CDATA[]]></system-err>
</testsuite>
